<?xml version="1.0" encoding="UTF-8"?>
<!-- Generated by org.testng.reporters.JUnitReportReporter -->
<testsuite hostname="DESKTOP-LL02VCO" failures="0" tests="1" name="tests.CheckoutInfoTest" time="5.507" errors="0" timestamp="2025-04-20T11:40:41 IST" skipped="0">
  <testcase classname="tests.CheckoutInfoTest" name="testFillUserInfo" time="5.507"/>
</testsuite> <!-- tests.CheckoutInfoTest -->
