<?xml version="1.0" encoding="UTF-8"?>
<!-- Generated by org.testng.reporters.JUnitReportReporter -->
<testsuite hostname="DESKTOP-LL02VCO" failures="0" tests="1" name="tests.LoginTest" time="3.777" errors="0" timestamp="2025-04-20T11:40:41 IST" skipped="0">
  <testcase classname="tests.LoginTest" name="testLoginSuccess" time="3.777"/>
</testsuite> <!-- tests.LoginTest -->
