<?xml version="1.0" encoding="UTF-8"?>
<!-- Generated by org.testng.reporters.JUnitReportReporter -->
<testsuite hostname="DESKTOP-LL02VCO" failures="0" tests="1" name="SauceDemo.SauceDemo.AppTest" time="0.001" errors="0" timestamp="2025-04-20T11:40:41 IST" skipped="0">
  <testcase classname="SauceDemo.SauceDemo.AppTest" name="testApp" time="0.001"/>
</testsuite> <!-- SauceDemo.SauceDemo.AppTest -->
