<?xml version="1.0" encoding="UTF-8"?>
<!-- Generated by org.testng.reporters.JUnitReportReporter -->
<testsuite hostname="DESKTOP-LL02VCO" failures="0" tests="1" name="tests.LoginTest" time="12.268" errors="0" timestamp="2025-04-20T11:55:05 IST" skipped="0">
  <testcase classname="tests.LoginTest" name="testLoginSuccess" time="12.268"/>
</testsuite> <!-- tests.LoginTest -->
