<?xml version="1.0" encoding="UTF-8"?>
<!-- Generated by org.testng.reporters.JUnitReportReporter -->
<testsuite hostname="DESKTOP-LL02VCO" failures="0" tests="1" name="tests.CartTest" time="3.627" errors="0" timestamp="2025-04-20T11:14:59 IST" skipped="0">
  <testcase classname="tests.CartTest" name="testAddItemsToCart" time="3.627"/>
</testsuite> <!-- tests.CartTest -->
